<?xml version="1.0" encoding="utf-8"?><testsuites name="pytest tests"><testsuite name="pytest" errors="0" failures="0" skipped="0" tests="18" time="2.175" timestamp="2026-01-29T22:14:55.965123+00:00" hostname="agent-env-48b5772b-4c65-4f0e-8092-e186cfb971db"><testcase classname="backend.tests.test_usa_edu_api.TestHealthEndpoints" name="test_api_root" time="0.102" /><testcase classname="backend.tests.test_usa_edu_api.TestHealthEndpoints" name="test_health_check" time="0.041" /><testcase classname="backend.tests.test_usa_edu_api.TestAuthEndpoints" name="test_register_new_user" time="0.267" /><testcase classname="backend.tests.test_usa_edu_api.TestAuthEndpoints" name="test_register_duplicate_email" time="0.036" /><testcase classname="backend.tests.test_usa_edu_api.TestAuthEndpoints" name="test_login_success" time="0.258" /><testcase classname="backend.tests.test_usa_edu_api.TestAuthEndpoints" name="test_login_invalid_credentials" time="0.046" /><testcase classname="backend.tests.test_usa_edu_api.TestAuthEndpoints" name="test_get_current_user" time="0.037" /><testcase classname="backend.tests.test_usa_edu_api.TestAuthEndpoints" name="test_get_advisor_for_user" time="0.043" /><testcase classname="backend.tests.test_usa_edu_api.TestAuthEndpoints" name="test_unauthorized_access" time="0.040" /><testcase classname="backend.tests.test_usa_edu_api.TestApplicationEndpoints" name="test_create_application" time="0.325" /><testcase classname="backend.tests.test_usa_edu_api.TestApplicationEndpoints" name="test_get_applications" time="0.053" /><testcase classname="backend.tests.test_usa_edu_api.TestApplicationEndpoints" name="test_update_application_personal_info" time="0.132" /><testcase classname="backend.tests.test_usa_edu_api.TestApplicationEndpoints" name="test_update_application_academic_history" time="0.111" /><testcase classname="backend.tests.test_usa_edu_api.TestApplicationEndpoints" name="test_update_application_employment_history" time="0.109" /><testcase classname="backend.tests.test_usa_edu_api.TestApplicationEndpoints" name="test_get_single_application" time="0.076" /><testcase classname="backend.tests.test_usa_edu_api.TestApplicationEndpoints" name="test_application_not_found" time="0.035" /><testcase classname="backend.tests.test_usa_edu_api.TestProgramsEndpoint" name="test_get_programs" time="0.032" /><testcase classname="backend.tests.test_usa_edu_api.TestExistingUserLogin" name="test_login_with_test_credentials" time="0.300" /></testsuite></testsuites>